<component name="libraryTable">
  <library name="JUnit">
    <CLASSES>
      <root url="jar://$PROJECT_DIR$/libs/junit/v4.8.2/junit-4.8.2.jar!/" />
    </CLASSES>
    <JAVADOC />
    <SOURCES>
      <root url="jar://$PROJECT_DIR$/libs/junit/v4.8.2/junit-4.8.2-src.jar!/" />
    </SOURCES>
  </library>
</component>